c:\users\eldorado\source\repos\sfml\sfml\x64\debug\vc143.pdb
c:\users\eldorado\source\repos\sfml\sfml\x64\debug\vc143.idb
c:\users\eldorado\source\repos\sfml\sfml\x64\debug\block_game.obj
c:\users\eldorado\source\repos\sfml\sfml\x64\debug\npc.obj
c:\users\eldorado\source\repos\sfml\sfml\x64\debug\bomb_gen.obj
c:\users\eldorado\source\repos\sfml\sfml\x64\debug\main.obj
c:\users\eldorado\source\repos\sfml\sfml\x64\debug\ball.obj
c:\users\eldorado\source\repos\sfml\sfml\x64\debug\filename.obj
c:\users\eldorado\source\repos\sfml\sfml\x64\debug\filename_2.obj
c:\users\eldorado\source\repos\sfml\x64\debug\sfml.pdb
c:\users\eldorado\source\repos\sfml\sfml\x64\debug\sfml.tlog\cl.command.1.tlog
c:\users\eldorado\source\repos\sfml\sfml\x64\debug\sfml.tlog\cl.items.tlog
c:\users\eldorado\source\repos\sfml\sfml\x64\debug\sfml.tlog\cl.read.1.tlog
c:\users\eldorado\source\repos\sfml\sfml\x64\debug\sfml.tlog\cl.write.1.tlog
c:\users\eldorado\source\repos\sfml\sfml\x64\debug\sfml.tlog\link-cvtres.read.1.tlog
c:\users\eldorado\source\repos\sfml\sfml\x64\debug\sfml.tlog\link-cvtres.write.1.tlog
c:\users\eldorado\source\repos\sfml\sfml\x64\debug\sfml.tlog\link-rc.read.1.tlog
c:\users\eldorado\source\repos\sfml\sfml\x64\debug\sfml.tlog\link-rc.write.1.tlog
c:\users\eldorado\source\repos\sfml\sfml\x64\debug\sfml.tlog\link.3728-cvtres.read.1.tlog
c:\users\eldorado\source\repos\sfml\sfml\x64\debug\sfml.tlog\link.3728-cvtres.write.1.tlog
c:\users\eldorado\source\repos\sfml\sfml\x64\debug\sfml.tlog\link.3728-rc.read.1.tlog
c:\users\eldorado\source\repos\sfml\sfml\x64\debug\sfml.tlog\link.3728-rc.write.1.tlog
c:\users\eldorado\source\repos\sfml\sfml\x64\debug\sfml.tlog\link.3728.read.1.tlog
c:\users\eldorado\source\repos\sfml\sfml\x64\debug\sfml.tlog\link.3728.read.2.tlog
c:\users\eldorado\source\repos\sfml\sfml\x64\debug\sfml.tlog\link.3728.write.1.tlog
c:\users\eldorado\source\repos\sfml\sfml\x64\debug\sfml.tlog\link.command.1.tlog
c:\users\eldorado\source\repos\sfml\sfml\x64\debug\sfml.tlog\link.read.1.tlog
c:\users\eldorado\source\repos\sfml\sfml\x64\debug\sfml.tlog\link.read.2.tlog
c:\users\eldorado\source\repos\sfml\sfml\x64\debug\sfml.tlog\link.write.1.tlog
